<?xml version="1.0" encoding="UTF-8"?>
<!-- Generated by org.testng.reporters.JUnitXMLReporter -->
<testsuite ignored="0" hostname="DESKTOP-8AND331" failures="1" tests="1" name="Functional" time="0.269" errors="0" timestamp="02 Aug 2020 21:25:21 GMT">
  <testcase classname="TestCases.HorizSlidrPageTest" name="sldr" time="0.224">
    <failure type="java.lang.NullPointerException">
      <![CDATA[java.lang.NullPointerException
at CommonLIB.CommonFunctionLib.FocusOnUrl(CommonFunctionLib.java:21)
at TestCases.HorizSlidrPageTest.sldr(HorizSlidrPageTest.java:13)
... Removed 25 stack frames]]>
    </failure>
  </testcase> <!-- sldr -->
</testsuite> <!-- Functional -->
