<?xml version="1.0" encoding="UTF-8"?>
<testng-results ignored="0" total="1" passed="1" failed="0" skipped="0">
  <reporter-output>
  </reporter-output>
  <suite started-at="2020-07-30T19:11:29Z" name="Suite" finished-at="2020-07-30T19:11:45Z" duration-ms="16271">
    <groups>
    </groups>
    <test started-at="2020-07-30T19:11:29Z" name="Functional" finished-at="2020-07-30T19:11:45Z" duration-ms="16271">
      <class name="TestCases.Facebook">
        <test-method is-config="true" signature="SetDataProvider()[pri:0, instance:TestCases.Facebook@223f3642]" started-at="2020-07-30T19:11:29Z" name="SetDataProvider" finished-at="2020-07-30T19:11:29Z" duration-ms="13" status="PASS">
          <reporter-output>
          </reporter-output>
        </test-method> <!-- SetDataProvider -->
        <test-method is-config="true" signature="BeforeTest(java.lang.String, java.lang.String)[pri:0, instance:TestCases.Facebook@223f3642]" started-at="2020-07-30T19:11:29Z" name="BeforeTest" finished-at="2020-07-30T19:11:35Z" duration-ms="6425" status="PASS">
          <params>
            <param index="0">
              <value>
                <![CDATA[chrome]]>
              </value>
            </param>
            <param index="1">
              <value>
                <![CDATA[60]]>
              </value>
            </param>
          </params>
          <reporter-output>
          </reporter-output>
        </test-method> <!-- BeforeTest -->
        <test-method signature="FaceBook_TestCases1()[pri:3, instance:TestCases.Facebook@223f3642]" started-at="2020-07-30T19:11:35Z" name="FaceBook_TestCases1" finished-at="2020-07-30T19:11:40Z" duration-ms="4568" status="PASS">
          <reporter-output>
          </reporter-output>
        </test-method> <!-- FaceBook_TestCases1 -->
        <test-method is-config="true" signature="TearDown()[pri:0, instance:TestCases.Facebook@223f3642]" started-at="2020-07-30T19:11:40Z" name="TearDown" finished-at="2020-07-30T19:11:45Z" duration-ms="4830" status="PASS">
          <reporter-output>
          </reporter-output>
        </test-method> <!-- TearDown -->
        <test-method is-config="true" signature="Cleaning()[pri:0, instance:TestCases.Facebook@223f3642]" started-at="2020-07-30T19:11:46Z" name="Cleaning" finished-at="2020-07-30T19:11:46Z" duration-ms="30" status="PASS">
          <reporter-output>
          </reporter-output>
        </test-method> <!-- Cleaning -->
      </class> <!-- TestCases.Facebook -->
    </test> <!-- Functional -->
  </suite> <!-- Suite -->
</testng-results>
